{"/Users/dayevan/Desktop/BerkeleyCS/learning-JavaScript/node-back/vidly/app.js": {"path":"/Users/dayevan/Desktop/BerkeleyCS/learning-JavaScript/node-back/vidly/app.js","statementMap":{"0":{"start":{"line":1,"column":25},"end":{"line":1,"column":57}},"1":{"start":{"line":2,"column":21},"end":{"line":2,"column":49}},"2":{"start":{"line":3,"column":22},"end":{"line":3,"column":51}},"3":{"start":{"line":4,"column":28},"end":{"line":4,"column":63}},"4":{"start":{"line":6,"column":16},"end":{"line":6,"column":34}},"5":{"start":{"line":7,"column":16},"end":{"line":7,"column":34}},"6":{"start":{"line":11,"column":12},"end":{"line":11,"column":21}},"7":{"start":{"line":12,"column":0},"end":{"line":12,"column":31}},"8":{"start":{"line":13,"column":0},"end":{"line":13,"column":30}},"9":{"start":{"line":14,"column":0},"end":{"line":14,"column":34}},"10":{"start":{"line":15,"column":0},"end":{"line":15,"column":33}},"11":{"start":{"line":16,"column":0},"end":{"line":16,"column":26}},"12":{"start":{"line":20,"column":0},"end":{"line":20,"column":21}}},"fnMap":{},"branchMap":{},"s":{"0":2,"1":2,"2":2,"3":2,"4":2,"5":2,"6":2,"7":2,"8":2,"9":2,"10":2,"11":2,"12":2},"f":{},"b":{},"_coverageSchema":"1a1c01bbd47fc00a2c39e90264f33305004495a9","hash":"52d746861430d30681baf534ef1ba5d648bcd794"}
,"/Users/dayevan/Desktop/BerkeleyCS/learning-JavaScript/node-back/vidly/server.js": {"path":"/Users/dayevan/Desktop/BerkeleyCS/learning-JavaScript/node-back/vidly/server.js","statementMap":{"0":{"start":{"line":1,"column":12},"end":{"line":1,"column":28}},"1":{"start":{"line":2,"column":25},"end":{"line":2,"column":57}},"2":{"start":{"line":3,"column":21},"end":{"line":3,"column":49}},"3":{"start":{"line":4,"column":22},"end":{"line":4,"column":51}},"4":{"start":{"line":5,"column":28},"end":{"line":5,"column":63}},"5":{"start":{"line":7,"column":16},"end":{"line":7,"column":34}},"6":{"start":{"line":8,"column":16},"end":{"line":8,"column":34}},"7":{"start":{"line":10,"column":13},"end":{"line":10,"column":37}},"8":{"start":{"line":11,"column":15},"end":{"line":14,"column":2}},"9":{"start":{"line":12,"column":2},"end":{"line":12,"column":47}},"10":{"start":{"line":13,"column":2},"end":{"line":13,"column":44}},"11":{"start":{"line":16,"column":0},"end":{"line":16,"column":24}}},"fnMap":{"0":{"name":"(anonymous_0)","decl":{"start":{"line":11,"column":32},"end":{"line":11,"column":33}},"loc":{"start":{"line":11,"column":38},"end":{"line":14,"column":1}},"line":11}},"branchMap":{"0":{"loc":{"start":{"line":10,"column":13},"end":{"line":10,"column":37}},"type":"binary-expr","locations":[{"start":{"line":10,"column":13},"end":{"line":10,"column":29}},{"start":{"line":10,"column":33},"end":{"line":10,"column":37}}],"line":10}},"s":{"0":2,"1":2,"2":2,"3":2,"4":2,"5":2,"6":2,"7":2,"8":2,"9":2,"10":2,"11":2},"f":{"0":2},"b":{"0":[2,2]},"_coverageSchema":"1a1c01bbd47fc00a2c39e90264f33305004495a9","hash":"ac07ee00b28415193595d1796df989059e76e216"}
,"/Users/dayevan/Desktop/BerkeleyCS/learning-JavaScript/node-back/vidly/middleware/admin.js": {"path":"/Users/dayevan/Desktop/BerkeleyCS/learning-JavaScript/node-back/vidly/middleware/admin.js","statementMap":{"0":{"start":{"line":3,"column":0},"end":{"line":10,"column":1}},"1":{"start":{"line":4,"column":4},"end":{"line":8,"column":5}},"2":{"start":{"line":7,"column":8},"end":{"line":7,"column":68}},"3":{"start":{"line":9,"column":4},"end":{"line":9,"column":11}}},"fnMap":{"0":{"name":"(anonymous_0)","decl":{"start":{"line":3,"column":17},"end":{"line":3,"column":18}},"loc":{"start":{"line":3,"column":42},"end":{"line":10,"column":1}},"line":3}},"branchMap":{"0":{"loc":{"start":{"line":4,"column":4},"end":{"line":8,"column":5}},"type":"if","locations":[{"start":{"line":4,"column":4},"end":{"line":8,"column":5}},{"start":{},"end":{}}],"line":4}},"s":{"0":2,"1":4,"2":1,"3":3},"f":{"0":4},"b":{"0":[1,3]},"_coverageSchema":"1a1c01bbd47fc00a2c39e90264f33305004495a9","hash":"acc329124395f463bd5f1f5db5373e40a41cd9c1"}
,"/Users/dayevan/Desktop/BerkeleyCS/learning-JavaScript/node-back/vidly/middleware/auth.js": {"path":"/Users/dayevan/Desktop/BerkeleyCS/learning-JavaScript/node-back/vidly/middleware/auth.js","statementMap":{"0":{"start":{"line":1,"column":12},"end":{"line":1,"column":35}},"1":{"start":{"line":2,"column":15},"end":{"line":2,"column":32}},"2":{"start":{"line":11,"column":18},"end":{"line":11,"column":44}},"3":{"start":{"line":12,"column":4},"end":{"line":14,"column":5}},"4":{"start":{"line":13,"column":8},"end":{"line":13,"column":76}},"5":{"start":{"line":15,"column":4},"end":{"line":21,"column":5}},"6":{"start":{"line":16,"column":31},"end":{"line":16,"column":77}},"7":{"start":{"line":17,"column":8},"end":{"line":17,"column":34}},"8":{"start":{"line":18,"column":8},"end":{"line":18,"column":15}},"9":{"start":{"line":20,"column":8},"end":{"line":20,"column":50}},"10":{"start":{"line":24,"column":0},"end":{"line":24,"column":22}}},"fnMap":{"0":{"name":"auth","decl":{"start":{"line":10,"column":9},"end":{"line":10,"column":13}},"loc":{"start":{"line":10,"column":30},"end":{"line":22,"column":1}},"line":10}},"branchMap":{"0":{"loc":{"start":{"line":12,"column":4},"end":{"line":14,"column":5}},"type":"if","locations":[{"start":{"line":12,"column":4},"end":{"line":14,"column":5}},{"start":{},"end":{}}],"line":12}},"s":{"0":2,"1":2,"2":13,"3":13,"4":3,"5":10,"6":10,"7":9,"8":9,"9":1,"10":2},"f":{"0":13},"b":{"0":[3,10]},"_coverageSchema":"1a1c01bbd47fc00a2c39e90264f33305004495a9","hash":"27733f4e062dde3141cfa30dcd88e0e9b2e7e253"}
,"/Users/dayevan/Desktop/BerkeleyCS/learning-JavaScript/node-back/vidly/middleware/errorHandler.js": {"path":"/Users/dayevan/Desktop/BerkeleyCS/learning-JavaScript/node-back/vidly/middleware/errorHandler.js","statementMap":{"0":{"start":{"line":5,"column":16},"end":{"line":5,"column":34}},"1":{"start":{"line":6,"column":0},"end":{"line":11,"column":1}},"2":{"start":{"line":7,"column":4},"end":{"line":7,"column":63}},"3":{"start":{"line":8,"column":4},"end":{"line":8,"column":34}},"4":{"start":{"line":9,"column":4},"end":{"line":9,"column":36}},"5":{"start":{"line":10,"column":4},"end":{"line":10,"column":11}}},"fnMap":{"0":{"name":"(anonymous_0)","decl":{"start":{"line":6,"column":17},"end":{"line":6,"column":18}},"loc":{"start":{"line":6,"column":47},"end":{"line":11,"column":1}},"line":6}},"branchMap":{},"s":{"0":2,"1":2,"2":2,"3":2,"4":2,"5":2},"f":{"0":2},"b":{},"_coverageSchema":"1a1c01bbd47fc00a2c39e90264f33305004495a9","hash":"1470beb55a6b6494803ebd3439f5cc404bdecb67"}
,"/Users/dayevan/Desktop/BerkeleyCS/learning-JavaScript/node-back/vidly/middleware/validateObjectId.js": {"path":"/Users/dayevan/Desktop/BerkeleyCS/learning-JavaScript/node-back/vidly/middleware/validateObjectId.js","statementMap":{"0":{"start":{"line":1,"column":17},"end":{"line":1,"column":36}},"1":{"start":{"line":2,"column":0},"end":{"line":5,"column":1}},"2":{"start":{"line":3,"column":4},"end":{"line":3,"column":99}},"3":{"start":{"line":3,"column":56},"end":{"line":3,"column":99}},"4":{"start":{"line":4,"column":4},"end":{"line":4,"column":11}}},"fnMap":{"0":{"name":"(anonymous_0)","decl":{"start":{"line":2,"column":17},"end":{"line":2,"column":18}},"loc":{"start":{"line":2,"column":43},"end":{"line":5,"column":1}},"line":2}},"branchMap":{"0":{"loc":{"start":{"line":3,"column":4},"end":{"line":3,"column":99}},"type":"if","locations":[{"start":{"line":3,"column":4},"end":{"line":3,"column":99}},{"start":{},"end":{}}],"line":3}},"s":{"0":2,"1":2,"2":2,"3":1,"4":1},"f":{"0":2},"b":{"0":[1,1]},"_coverageSchema":"1a1c01bbd47fc00a2c39e90264f33305004495a9","hash":"314986b70cb5ec6ce4e8f9dbc8c05af8510e529e"}
,"/Users/dayevan/Desktop/BerkeleyCS/learning-JavaScript/node-back/vidly/models/customer.js": {"path":"/Users/dayevan/Desktop/BerkeleyCS/learning-JavaScript/node-back/vidly/models/customer.js","statementMap":{"0":{"start":{"line":1,"column":12},"end":{"line":1,"column":26}},"1":{"start":{"line":2,"column":17},"end":{"line":2,"column":36}},"2":{"start":{"line":3,"column":25},"end":{"line":3,"column":57}},"3":{"start":{"line":4,"column":21},"end":{"line":4,"column":49}},"4":{"start":{"line":6,"column":17},"end":{"line":23,"column":3}},"5":{"start":{"line":26,"column":17},"end":{"line":30,"column":4}},"6":{"start":{"line":31,"column":2},"end":{"line":31,"column":35}},"7":{"start":{"line":34,"column":0},"end":{"line":34,"column":28}},"8":{"start":{"line":35,"column":0},"end":{"line":35,"column":36}}},"fnMap":{"0":{"name":"validateCustomer","decl":{"start":{"line":25,"column":9},"end":{"line":25,"column":25}},"loc":{"start":{"line":25,"column":36},"end":{"line":32,"column":1}},"line":25}},"branchMap":{},"s":{"0":2,"1":2,"2":2,"3":2,"4":2,"5":0,"6":0,"7":2,"8":2},"f":{"0":0},"b":{},"_coverageSchema":"1a1c01bbd47fc00a2c39e90264f33305004495a9","hash":"b7c0872f928989e4a391f21451031713e66858ca"}
,"/Users/dayevan/Desktop/BerkeleyCS/learning-JavaScript/node-back/vidly/models/genre.js": {"path":"/Users/dayevan/Desktop/BerkeleyCS/learning-JavaScript/node-back/vidly/models/genre.js","statementMap":{"0":{"start":{"line":1,"column":12},"end":{"line":1,"column":26}},"1":{"start":{"line":2,"column":17},"end":{"line":2,"column":36}},"2":{"start":{"line":3,"column":25},"end":{"line":3,"column":57}},"3":{"start":{"line":4,"column":21},"end":{"line":4,"column":49}},"4":{"start":{"line":6,"column":20},"end":{"line":13,"column":2}},"5":{"start":{"line":15,"column":14},"end":{"line":15,"column":50}},"6":{"start":{"line":18,"column":2},"end":{"line":18,"column":8}},"7":{"start":{"line":19,"column":17},"end":{"line":21,"column":4}},"8":{"start":{"line":23,"column":2},"end":{"line":23,"column":32}},"9":{"start":{"line":26,"column":0},"end":{"line":26,"column":22}},"10":{"start":{"line":27,"column":0},"end":{"line":27,"column":33}},"11":{"start":{"line":28,"column":0},"end":{"line":28,"column":34}}},"fnMap":{"0":{"name":"validateGenre","decl":{"start":{"line":17,"column":9},"end":{"line":17,"column":22}},"loc":{"start":{"line":17,"column":30},"end":{"line":24,"column":1}},"line":17}},"branchMap":{},"s":{"0":2,"1":2,"2":2,"3":2,"4":2,"5":2,"6":11,"7":11,"8":11,"9":2,"10":2,"11":2},"f":{"0":11},"b":{},"_coverageSchema":"1a1c01bbd47fc00a2c39e90264f33305004495a9","hash":"1558037d5bbb007145baa3be21c058defb520354"}
,"/Users/dayevan/Desktop/BerkeleyCS/learning-JavaScript/node-back/vidly/models/movie.js": {"path":"/Users/dayevan/Desktop/BerkeleyCS/learning-JavaScript/node-back/vidly/models/movie.js","statementMap":{"0":{"start":{"line":1,"column":17},"end":{"line":1,"column":36}},"1":{"start":{"line":2,"column":12},"end":{"line":2,"column":26}},"2":{"start":{"line":3,"column":25},"end":{"line":3,"column":57}},"3":{"start":{"line":4,"column":21},"end":{"line":4,"column":49}},"4":{"start":{"line":5,"column":24},"end":{"line":5,"column":42}},"5":{"start":{"line":7,"column":14},"end":{"line":31,"column":3}},"6":{"start":{"line":34,"column":19},"end":{"line":39,"column":6}},"7":{"start":{"line":40,"column":4},"end":{"line":40,"column":34}},"8":{"start":{"line":44,"column":0},"end":{"line":44,"column":22}},"9":{"start":{"line":45,"column":0},"end":{"line":45,"column":36}}},"fnMap":{"0":{"name":"validateMovie","decl":{"start":{"line":33,"column":9},"end":{"line":33,"column":22}},"loc":{"start":{"line":33,"column":30},"end":{"line":41,"column":1}},"line":33}},"branchMap":{},"s":{"0":2,"1":2,"2":2,"3":2,"4":2,"5":2,"6":0,"7":0,"8":2,"9":2},"f":{"0":0},"b":{},"_coverageSchema":"1a1c01bbd47fc00a2c39e90264f33305004495a9","hash":"7a8a66d5f7e51a4c5b55193d4f89098da5404d2b"}
,"/Users/dayevan/Desktop/BerkeleyCS/learning-JavaScript/node-back/vidly/models/rental.js": {"path":"/Users/dayevan/Desktop/BerkeleyCS/learning-JavaScript/node-back/vidly/models/rental.js","statementMap":{"0":{"start":{"line":1,"column":12},"end":{"line":1,"column":26}},"1":{"start":{"line":2,"column":0},"end":{"line":2,"column":44}},"2":{"start":{"line":3,"column":17},"end":{"line":3,"column":36}},"3":{"start":{"line":5,"column":15},"end":{"line":57,"column":3}},"4":{"start":{"line":60,"column":17},"end":{"line":63,"column":4}},"5":{"start":{"line":64,"column":2},"end":{"line":64,"column":33}},"6":{"start":{"line":67,"column":0},"end":{"line":67,"column":24}},"7":{"start":{"line":68,"column":0},"end":{"line":68,"column":34}}},"fnMap":{"0":{"name":"validateRental","decl":{"start":{"line":59,"column":9},"end":{"line":59,"column":23}},"loc":{"start":{"line":59,"column":32},"end":{"line":65,"column":1}},"line":59}},"branchMap":{},"s":{"0":2,"1":2,"2":2,"3":2,"4":0,"5":0,"6":2,"7":2},"f":{"0":0},"b":{},"_coverageSchema":"1a1c01bbd47fc00a2c39e90264f33305004495a9","hash":"7c8474874b90db0023e328ea518e0d535a4de20d"}
,"/Users/dayevan/Desktop/BerkeleyCS/learning-JavaScript/node-back/vidly/models/user.js": {"path":"/Users/dayevan/Desktop/BerkeleyCS/learning-JavaScript/node-back/vidly/models/user.js","statementMap":{"0":{"start":{"line":1,"column":12},"end":{"line":1,"column":26}},"1":{"start":{"line":2,"column":0},"end":{"line":2,"column":44}},"2":{"start":{"line":3,"column":17},"end":{"line":3,"column":36}},"3":{"start":{"line":4,"column":12},"end":{"line":4,"column":35}},"4":{"start":{"line":5,"column":15},"end":{"line":5,"column":32}},"5":{"start":{"line":7,"column":15},"end":{"line":27,"column":4}},"6":{"start":{"line":29,"column":0},"end":{"line":31,"column":1}},"7":{"start":{"line":30,"column":4},"end":{"line":30,"column":89}},"8":{"start":{"line":33,"column":13},"end":{"line":33,"column":43}},"9":{"start":{"line":37,"column":19},"end":{"line":41,"column":6}},"10":{"start":{"line":42,"column":4},"end":{"line":42,"column":33}},"11":{"start":{"line":45,"column":0},"end":{"line":45,"column":20}},"12":{"start":{"line":46,"column":0},"end":{"line":46,"column":28}}},"fnMap":{"0":{"name":"(anonymous_0)","decl":{"start":{"line":29,"column":31},"end":{"line":29,"column":32}},"loc":{"start":{"line":29,"column":42},"end":{"line":31,"column":1}},"line":29},"1":{"name":"validate","decl":{"start":{"line":36,"column":9},"end":{"line":36,"column":17}},"loc":{"start":{"line":36,"column":24},"end":{"line":43,"column":1}},"line":36}},"branchMap":{},"s":{"0":3,"1":3,"2":3,"3":3,"4":3,"5":3,"6":3,"7":23,"8":3,"9":0,"10":0,"11":3,"12":3},"f":{"0":23,"1":0},"b":{},"_coverageSchema":"1a1c01bbd47fc00a2c39e90264f33305004495a9","hash":"d4ceade0349b977b4e12fba2117901f7dd2a66a4"}
,"/Users/dayevan/Desktop/BerkeleyCS/learning-JavaScript/node-back/vidly/routes/auth.js": {"path":"/Users/dayevan/Desktop/BerkeleyCS/learning-JavaScript/node-back/vidly/routes/auth.js","statementMap":{"0":{"start":{"line":1,"column":15},"end":{"line":1,"column":40}},"1":{"start":{"line":2,"column":10},"end":{"line":2,"column":27}},"2":{"start":{"line":3,"column":12},"end":{"line":3,"column":26}},"3":{"start":{"line":4,"column":12},"end":{"line":4,"column":35}},"4":{"start":{"line":5,"column":17},"end":{"line":5,"column":36}},"5":{"start":{"line":6,"column":16},"end":{"line":6,"column":34}},"6":{"start":{"line":7,"column":15},"end":{"line":7,"column":31}},"7":{"start":{"line":8,"column":25},"end":{"line":8,"column":57}},"8":{"start":{"line":9,"column":21},"end":{"line":9,"column":49}},"9":{"start":{"line":10,"column":15},"end":{"line":10,"column":32}},"10":{"start":{"line":11,"column":15},"end":{"line":11,"column":32}},"11":{"start":{"line":14,"column":0},"end":{"line":33,"column":5}},"12":{"start":{"line":15,"column":22},"end":{"line":15,"column":40}},"13":{"start":{"line":16,"column":4},"end":{"line":16,"column":69}},"14":{"start":{"line":16,"column":15},"end":{"line":16,"column":69}},"15":{"start":{"line":17,"column":15},"end":{"line":17,"column":61}},"16":{"start":{"line":18,"column":4},"end":{"line":18,"column":75}},"17":{"start":{"line":18,"column":15},"end":{"line":18,"column":75}},"18":{"start":{"line":19,"column":20},"end":{"line":19,"column":74}},"19":{"start":{"line":20,"column":4},"end":{"line":20,"column":78}},"20":{"start":{"line":20,"column":18},"end":{"line":20,"column":78}},"21":{"start":{"line":30,"column":18},"end":{"line":30,"column":38}},"22":{"start":{"line":32,"column":4},"end":{"line":32,"column":20}},"23":{"start":{"line":36,"column":19},"end":{"line":39,"column":6}},"24":{"start":{"line":40,"column":4},"end":{"line":40,"column":33}},"25":{"start":{"line":43,"column":0},"end":{"line":43,"column":24}}},"fnMap":{"0":{"name":"(anonymous_0)","decl":{"start":{"line":14,"column":17},"end":{"line":14,"column":18}},"loc":{"start":{"line":14,"column":37},"end":{"line":33,"column":3}},"line":14},"1":{"name":"validate","decl":{"start":{"line":35,"column":9},"end":{"line":35,"column":17}},"loc":{"start":{"line":35,"column":24},"end":{"line":41,"column":1}},"line":35}},"branchMap":{"0":{"loc":{"start":{"line":16,"column":4},"end":{"line":16,"column":69}},"type":"if","locations":[{"start":{"line":16,"column":4},"end":{"line":16,"column":69}},{"start":{},"end":{}}],"line":16},"1":{"loc":{"start":{"line":18,"column":4},"end":{"line":18,"column":75}},"type":"if","locations":[{"start":{"line":18,"column":4},"end":{"line":18,"column":75}},{"start":{},"end":{}}],"line":18},"2":{"loc":{"start":{"line":20,"column":4},"end":{"line":20,"column":78}},"type":"if","locations":[{"start":{"line":20,"column":4},"end":{"line":20,"column":78}},{"start":{},"end":{}}],"line":20}},"s":{"0":2,"1":2,"2":2,"3":2,"4":2,"5":2,"6":2,"7":2,"8":2,"9":2,"10":2,"11":2,"12":0,"13":0,"14":0,"15":0,"16":0,"17":0,"18":0,"19":0,"20":0,"21":0,"22":0,"23":0,"24":0,"25":2},"f":{"0":0,"1":0},"b":{"0":[0,0],"1":[0,0],"2":[0,0]},"_coverageSchema":"1a1c01bbd47fc00a2c39e90264f33305004495a9","hash":"d10d1a04258ebb9234d82fa9be8764fdb7b1784f"}
,"/Users/dayevan/Desktop/BerkeleyCS/learning-JavaScript/node-back/vidly/routes/customers.js": {"path":"/Users/dayevan/Desktop/BerkeleyCS/learning-JavaScript/node-back/vidly/routes/customers.js","statementMap":{"0":{"start":{"line":1,"column":31},"end":{"line":1,"column":60}},"1":{"start":{"line":2,"column":17},"end":{"line":2,"column":36}},"2":{"start":{"line":3,"column":16},"end":{"line":3,"column":34}},"3":{"start":{"line":4,"column":15},"end":{"line":4,"column":31}},"4":{"start":{"line":5,"column":25},"end":{"line":5,"column":57}},"5":{"start":{"line":6,"column":21},"end":{"line":6,"column":49}},"6":{"start":{"line":8,"column":0},"end":{"line":11,"column":3}},"7":{"start":{"line":9,"column":20},"end":{"line":9,"column":54}},"8":{"start":{"line":10,"column":2},"end":{"line":10,"column":22}},"9":{"start":{"line":13,"column":0},"end":{"line":24,"column":3}},"10":{"start":{"line":14,"column":20},"end":{"line":14,"column":38}},"11":{"start":{"line":15,"column":2},"end":{"line":15,"column":67}},"12":{"start":{"line":15,"column":13},"end":{"line":15,"column":67}},"13":{"start":{"line":16,"column":17},"end":{"line":20,"column":4}},"14":{"start":{"line":21,"column":2},"end":{"line":21,"column":35}},"15":{"start":{"line":23,"column":2},"end":{"line":23,"column":21}},"16":{"start":{"line":26,"column":0},"end":{"line":40,"column":3}},"17":{"start":{"line":27,"column":20},"end":{"line":27,"column":38}},"18":{"start":{"line":28,"column":2},"end":{"line":28,"column":67}},"19":{"start":{"line":28,"column":13},"end":{"line":28,"column":67}},"20":{"start":{"line":30,"column":19},"end":{"line":35,"column":21}},"21":{"start":{"line":37,"column":2},"end":{"line":37,"column":94}},"22":{"start":{"line":37,"column":17},"end":{"line":37,"column":94}},"23":{"start":{"line":39,"column":2},"end":{"line":39,"column":21}},"24":{"start":{"line":42,"column":0},"end":{"line":48,"column":3}},"25":{"start":{"line":43,"column":19},"end":{"line":43,"column":66}},"26":{"start":{"line":45,"column":2},"end":{"line":45,"column":94}},"27":{"start":{"line":45,"column":17},"end":{"line":45,"column":94}},"28":{"start":{"line":47,"column":2},"end":{"line":47,"column":21}},"29":{"start":{"line":50,"column":0},"end":{"line":56,"column":3}},"30":{"start":{"line":51,"column":19},"end":{"line":51,"column":57}},"31":{"start":{"line":53,"column":2},"end":{"line":53,"column":94}},"32":{"start":{"line":53,"column":17},"end":{"line":53,"column":94}},"33":{"start":{"line":55,"column":2},"end":{"line":55,"column":21}},"34":{"start":{"line":58,"column":0},"end":{"line":58,"column":24}}},"fnMap":{"0":{"name":"(anonymous_0)","decl":{"start":{"line":8,"column":16},"end":{"line":8,"column":17}},"loc":{"start":{"line":8,"column":36},"end":{"line":11,"column":1}},"line":8},"1":{"name":"(anonymous_1)","decl":{"start":{"line":13,"column":17},"end":{"line":13,"column":18}},"loc":{"start":{"line":13,"column":37},"end":{"line":24,"column":1}},"line":13},"2":{"name":"(anonymous_2)","decl":{"start":{"line":26,"column":19},"end":{"line":26,"column":20}},"loc":{"start":{"line":26,"column":39},"end":{"line":40,"column":1}},"line":26},"3":{"name":"(anonymous_3)","decl":{"start":{"line":42,"column":22},"end":{"line":42,"column":23}},"loc":{"start":{"line":42,"column":42},"end":{"line":48,"column":1}},"line":42},"4":{"name":"(anonymous_4)","decl":{"start":{"line":50,"column":19},"end":{"line":50,"column":20}},"loc":{"start":{"line":50,"column":39},"end":{"line":56,"column":1}},"line":50}},"branchMap":{"0":{"loc":{"start":{"line":15,"column":2},"end":{"line":15,"column":67}},"type":"if","locations":[{"start":{"line":15,"column":2},"end":{"line":15,"column":67}},{"start":{},"end":{}}],"line":15},"1":{"loc":{"start":{"line":28,"column":2},"end":{"line":28,"column":67}},"type":"if","locations":[{"start":{"line":28,"column":2},"end":{"line":28,"column":67}},{"start":{},"end":{}}],"line":28},"2":{"loc":{"start":{"line":37,"column":2},"end":{"line":37,"column":94}},"type":"if","locations":[{"start":{"line":37,"column":2},"end":{"line":37,"column":94}},{"start":{},"end":{}}],"line":37},"3":{"loc":{"start":{"line":45,"column":2},"end":{"line":45,"column":94}},"type":"if","locations":[{"start":{"line":45,"column":2},"end":{"line":45,"column":94}},{"start":{},"end":{}}],"line":45},"4":{"loc":{"start":{"line":53,"column":2},"end":{"line":53,"column":94}},"type":"if","locations":[{"start":{"line":53,"column":2},"end":{"line":53,"column":94}},{"start":{},"end":{}}],"line":53}},"s":{"0":2,"1":2,"2":2,"3":2,"4":2,"5":2,"6":2,"7":0,"8":0,"9":2,"10":0,"11":0,"12":0,"13":0,"14":0,"15":0,"16":2,"17":0,"18":0,"19":0,"20":0,"21":0,"22":0,"23":0,"24":2,"25":0,"26":0,"27":0,"28":0,"29":2,"30":0,"31":0,"32":0,"33":0,"34":2},"f":{"0":0,"1":0,"2":0,"3":0,"4":0},"b":{"0":[0,0],"1":[0,0],"2":[0,0],"3":[0,0],"4":[0,0]},"_coverageSchema":"1a1c01bbd47fc00a2c39e90264f33305004495a9","hash":"2c1a3b5a1e4645805c0b52a8742a500117179193"}
,"/Users/dayevan/Desktop/BerkeleyCS/learning-JavaScript/node-back/vidly/routes/genres.js": {"path":"/Users/dayevan/Desktop/BerkeleyCS/learning-JavaScript/node-back/vidly/routes/genres.js","statementMap":{"0":{"start":{"line":1,"column":26},"end":{"line":1,"column":52}},"1":{"start":{"line":3,"column":25},"end":{"line":3,"column":66}},"2":{"start":{"line":4,"column":13},"end":{"line":4,"column":42}},"3":{"start":{"line":5,"column":14},"end":{"line":5,"column":44}},"4":{"start":{"line":6,"column":17},"end":{"line":6,"column":36}},"5":{"start":{"line":7,"column":16},"end":{"line":7,"column":34}},"6":{"start":{"line":8,"column":15},"end":{"line":8,"column":31}},"7":{"start":{"line":9,"column":25},"end":{"line":9,"column":57}},"8":{"start":{"line":10,"column":21},"end":{"line":10,"column":49}},"9":{"start":{"line":12,"column":0},"end":{"line":16,"column":3}},"10":{"start":{"line":14,"column":17},"end":{"line":14,"column":48}},"11":{"start":{"line":15,"column":2},"end":{"line":15,"column":19}},"12":{"start":{"line":19,"column":0},"end":{"line":23,"column":3}},"13":{"start":{"line":20,"column":16},"end":{"line":20,"column":51}},"14":{"start":{"line":21,"column":2},"end":{"line":21,"column":88}},"15":{"start":{"line":21,"column":14},"end":{"line":21,"column":88}},"16":{"start":{"line":22,"column":2},"end":{"line":22,"column":18}},"17":{"start":{"line":25,"column":0},"end":{"line":31,"column":3}},"18":{"start":{"line":26,"column":20},"end":{"line":26,"column":38}},"19":{"start":{"line":27,"column":2},"end":{"line":27,"column":67}},"20":{"start":{"line":27,"column":13},"end":{"line":27,"column":67}},"21":{"start":{"line":28,"column":14},"end":{"line":28,"column":48}},"22":{"start":{"line":29,"column":2},"end":{"line":29,"column":29}},"23":{"start":{"line":30,"column":2},"end":{"line":30,"column":18}},"24":{"start":{"line":33,"column":0},"end":{"line":44,"column":3}},"25":{"start":{"line":34,"column":20},"end":{"line":34,"column":38}},"26":{"start":{"line":35,"column":2},"end":{"line":35,"column":67}},"27":{"start":{"line":35,"column":13},"end":{"line":35,"column":67}},"28":{"start":{"line":37,"column":16},"end":{"line":39,"column":4}},"29":{"start":{"line":41,"column":2},"end":{"line":41,"column":88}},"30":{"start":{"line":41,"column":14},"end":{"line":41,"column":88}},"31":{"start":{"line":43,"column":2},"end":{"line":43,"column":18}},"32":{"start":{"line":47,"column":0},"end":{"line":51,"column":3}},"33":{"start":{"line":48,"column":16},"end":{"line":48,"column":60}},"34":{"start":{"line":49,"column":2},"end":{"line":49,"column":88}},"35":{"start":{"line":49,"column":14},"end":{"line":49,"column":88}},"36":{"start":{"line":50,"column":2},"end":{"line":50,"column":18}},"37":{"start":{"line":54,"column":0},"end":{"line":54,"column":24}}},"fnMap":{"0":{"name":"(anonymous_0)","decl":{"start":{"line":12,"column":16},"end":{"line":12,"column":17}},"loc":{"start":{"line":12,"column":36},"end":{"line":16,"column":1}},"line":12},"1":{"name":"(anonymous_1)","decl":{"start":{"line":19,"column":37},"end":{"line":19,"column":38}},"loc":{"start":{"line":19,"column":57},"end":{"line":23,"column":1}},"line":19},"2":{"name":"(anonymous_2)","decl":{"start":{"line":25,"column":23},"end":{"line":25,"column":24}},"loc":{"start":{"line":25,"column":43},"end":{"line":31,"column":1}},"line":25},"3":{"name":"(anonymous_3)","decl":{"start":{"line":33,"column":19},"end":{"line":33,"column":20}},"loc":{"start":{"line":33,"column":39},"end":{"line":44,"column":1}},"line":33},"4":{"name":"(anonymous_4)","decl":{"start":{"line":47,"column":37},"end":{"line":47,"column":38}},"loc":{"start":{"line":47,"column":57},"end":{"line":51,"column":1}},"line":47}},"branchMap":{"0":{"loc":{"start":{"line":21,"column":2},"end":{"line":21,"column":88}},"type":"if","locations":[{"start":{"line":21,"column":2},"end":{"line":21,"column":88}},{"start":{},"end":{}}],"line":21},"1":{"loc":{"start":{"line":27,"column":2},"end":{"line":27,"column":67}},"type":"if","locations":[{"start":{"line":27,"column":2},"end":{"line":27,"column":67}},{"start":{},"end":{}}],"line":27},"2":{"loc":{"start":{"line":35,"column":2},"end":{"line":35,"column":67}},"type":"if","locations":[{"start":{"line":35,"column":2},"end":{"line":35,"column":67}},{"start":{},"end":{}}],"line":35},"3":{"loc":{"start":{"line":41,"column":2},"end":{"line":41,"column":88}},"type":"if","locations":[{"start":{"line":41,"column":2},"end":{"line":41,"column":88}},{"start":{},"end":{}}],"line":41},"4":{"loc":{"start":{"line":49,"column":2},"end":{"line":49,"column":88}},"type":"if","locations":[{"start":{"line":49,"column":2},"end":{"line":49,"column":88}},{"start":{},"end":{}}],"line":49}},"s":{"0":2,"1":2,"2":2,"3":2,"4":2,"5":2,"6":2,"7":2,"8":2,"9":2,"10":1,"11":1,"12":2,"13":1,"14":1,"15":0,"16":1,"17":2,"18":5,"19":5,"20":2,"21":3,"22":3,"23":3,"24":2,"25":6,"26":6,"27":2,"28":4,"29":3,"30":0,"31":3,"32":2,"33":3,"34":2,"35":0,"36":2,"37":2},"f":{"0":1,"1":1,"2":5,"3":6,"4":3},"b":{"0":[0,1],"1":[2,3],"2":[2,4],"3":[0,3],"4":[0,2]},"_coverageSchema":"1a1c01bbd47fc00a2c39e90264f33305004495a9","hash":"baaaa6f32e4b259907e23768c909a260ab871211"}
,"/Users/dayevan/Desktop/BerkeleyCS/learning-JavaScript/node-back/vidly/routes/movies.js": {"path":"/Users/dayevan/Desktop/BerkeleyCS/learning-JavaScript/node-back/vidly/routes/movies.js","statementMap":{"0":{"start":{"line":1,"column":26},"end":{"line":1,"column":52}},"1":{"start":{"line":2,"column":18},"end":{"line":2,"column":44}},"2":{"start":{"line":3,"column":17},"end":{"line":3,"column":36}},"3":{"start":{"line":4,"column":16},"end":{"line":4,"column":34}},"4":{"start":{"line":5,"column":15},"end":{"line":5,"column":31}},"5":{"start":{"line":6,"column":25},"end":{"line":6,"column":57}},"6":{"start":{"line":7,"column":21},"end":{"line":7,"column":49}},"7":{"start":{"line":8,"column":13},"end":{"line":8,"column":42}},"8":{"start":{"line":10,"column":0},"end":{"line":13,"column":2}},"9":{"start":{"line":11,"column":19},"end":{"line":11,"column":51}},"10":{"start":{"line":12,"column":4},"end":{"line":12,"column":21}},"11":{"start":{"line":15,"column":0},"end":{"line":31,"column":5}},"12":{"start":{"line":16,"column":22},"end":{"line":16,"column":40}},"13":{"start":{"line":17,"column":4},"end":{"line":17,"column":69}},"14":{"start":{"line":17,"column":15},"end":{"line":17,"column":69}},"15":{"start":{"line":18,"column":18},"end":{"line":18,"column":56}},"16":{"start":{"line":19,"column":4},"end":{"line":19,"column":61}},"17":{"start":{"line":19,"column":16},"end":{"line":19,"column":61}},"18":{"start":{"line":20,"column":18},"end":{"line":28,"column":6}},"19":{"start":{"line":29,"column":4},"end":{"line":29,"column":23}},"20":{"start":{"line":30,"column":4},"end":{"line":30,"column":20}},"21":{"start":{"line":33,"column":2},"end":{"line":33,"column":26}}},"fnMap":{"0":{"name":"(anonymous_0)","decl":{"start":{"line":10,"column":16},"end":{"line":10,"column":17}},"loc":{"start":{"line":10,"column":36},"end":{"line":13,"column":1}},"line":10},"1":{"name":"(anonymous_1)","decl":{"start":{"line":15,"column":23},"end":{"line":15,"column":24}},"loc":{"start":{"line":15,"column":43},"end":{"line":31,"column":3}},"line":15}},"branchMap":{"0":{"loc":{"start":{"line":17,"column":4},"end":{"line":17,"column":69}},"type":"if","locations":[{"start":{"line":17,"column":4},"end":{"line":17,"column":69}},{"start":{},"end":{}}],"line":17},"1":{"loc":{"start":{"line":19,"column":4},"end":{"line":19,"column":61}},"type":"if","locations":[{"start":{"line":19,"column":4},"end":{"line":19,"column":61}},{"start":{},"end":{}}],"line":19}},"s":{"0":2,"1":2,"2":2,"3":2,"4":2,"5":2,"6":2,"7":2,"8":2,"9":0,"10":0,"11":2,"12":0,"13":0,"14":0,"15":0,"16":0,"17":0,"18":0,"19":0,"20":0,"21":2},"f":{"0":0,"1":0},"b":{"0":[0,0],"1":[0,0]},"_coverageSchema":"1a1c01bbd47fc00a2c39e90264f33305004495a9","hash":"d79e9a0ed057851c2d31e2742d2e86bf966b50d1"}
,"/Users/dayevan/Desktop/BerkeleyCS/learning-JavaScript/node-back/vidly/routes/rentals.js": {"path":"/Users/dayevan/Desktop/BerkeleyCS/learning-JavaScript/node-back/vidly/routes/rentals.js","statementMap":{"0":{"start":{"line":1,"column":27},"end":{"line":1,"column":54}},"1":{"start":{"line":2,"column":16},"end":{"line":2,"column":42}},"2":{"start":{"line":3,"column":19},"end":{"line":3,"column":48}},"3":{"start":{"line":4,"column":17},"end":{"line":4,"column":36}},"4":{"start":{"line":5,"column":13},"end":{"line":5,"column":28}},"5":{"start":{"line":6,"column":16},"end":{"line":6,"column":34}},"6":{"start":{"line":7,"column":15},"end":{"line":7,"column":31}},"7":{"start":{"line":8,"column":25},"end":{"line":8,"column":57}},"8":{"start":{"line":9,"column":28},"end":{"line":9,"column":63}},"9":{"start":{"line":10,"column":21},"end":{"line":10,"column":49}},"10":{"start":{"line":11,"column":13},"end":{"line":11,"column":42}},"11":{"start":{"line":15,"column":0},"end":{"line":18,"column":3}},"12":{"start":{"line":16,"column":18},"end":{"line":16,"column":54}},"13":{"start":{"line":17,"column":2},"end":{"line":17,"column":20}},"14":{"start":{"line":20,"column":0},"end":{"line":66,"column":3}},"15":{"start":{"line":21,"column":20},"end":{"line":21,"column":38}},"16":{"start":{"line":22,"column":2},"end":{"line":22,"column":67}},"17":{"start":{"line":22,"column":13},"end":{"line":22,"column":67}},"18":{"start":{"line":24,"column":19},"end":{"line":24,"column":63}},"19":{"start":{"line":25,"column":2},"end":{"line":25,"column":66}},"20":{"start":{"line":25,"column":17},"end":{"line":25,"column":66}},"21":{"start":{"line":27,"column":16},"end":{"line":27,"column":54}},"22":{"start":{"line":28,"column":2},"end":{"line":28,"column":60}},"23":{"start":{"line":28,"column":14},"end":{"line":28,"column":60}},"24":{"start":{"line":29,"column":2},"end":{"line":29,"column":84}},"25":{"start":{"line":29,"column":33},"end":{"line":29,"column":84}},"26":{"start":{"line":30,"column":15},"end":{"line":41,"column":4}},"27":{"start":{"line":43,"column":16},"end":{"line":43,"column":20}},"28":{"start":{"line":44,"column":2},"end":{"line":65,"column":8}},"29":{"start":{"line":46,"column":8},"end":{"line":46,"column":27}},"30":{"start":{"line":47,"column":8},"end":{"line":61,"column":9}},"31":{"start":{"line":48,"column":10},"end":{"line":58,"column":9}},"32":{"start":{"line":49,"column":12},"end":{"line":49,"column":57}},"33":{"start":{"line":50,"column":12},"end":{"line":54,"column":52}},"34":{"start":{"line":56,"column":12},"end":{"line":56,"column":29}},"35":{"start":{"line":59,"column":10},"end":{"line":59,"column":67}},"36":{"start":{"line":60,"column":10},"end":{"line":60,"column":72}},"37":{"start":{"line":64,"column":8},"end":{"line":64,"column":29}},"38":{"start":{"line":69,"column":0},"end":{"line":73,"column":3}},"39":{"start":{"line":70,"column":17},"end":{"line":70,"column":53}},"40":{"start":{"line":71,"column":2},"end":{"line":71,"column":90}},"41":{"start":{"line":71,"column":15},"end":{"line":71,"column":90}},"42":{"start":{"line":72,"column":2},"end":{"line":72,"column":19}},"43":{"start":{"line":75,"column":0},"end":{"line":75,"column":24}}},"fnMap":{"0":{"name":"(anonymous_0)","decl":{"start":{"line":15,"column":16},"end":{"line":15,"column":17}},"loc":{"start":{"line":15,"column":36},"end":{"line":18,"column":1}},"line":15},"1":{"name":"(anonymous_1)","decl":{"start":{"line":20,"column":23},"end":{"line":20,"column":24}},"loc":{"start":{"line":20,"column":43},"end":{"line":66,"column":1}},"line":20},"2":{"name":"(anonymous_2)","decl":{"start":{"line":45,"column":12},"end":{"line":45,"column":13}},"loc":{"start":{"line":45,"column":32},"end":{"line":62,"column":7}},"line":45},"3":{"name":"(anonymous_3)","decl":{"start":{"line":48,"column":40},"end":{"line":48,"column":41}},"loc":{"start":{"line":48,"column":52},"end":{"line":57,"column":11}},"line":48},"4":{"name":"(anonymous_4)","decl":{"start":{"line":63,"column":12},"end":{"line":63,"column":13}},"loc":{"start":{"line":63,"column":18},"end":{"line":65,"column":7}},"line":63},"5":{"name":"(anonymous_5)","decl":{"start":{"line":69,"column":19},"end":{"line":69,"column":20}},"loc":{"start":{"line":69,"column":39},"end":{"line":73,"column":1}},"line":69}},"branchMap":{"0":{"loc":{"start":{"line":22,"column":2},"end":{"line":22,"column":67}},"type":"if","locations":[{"start":{"line":22,"column":2},"end":{"line":22,"column":67}},{"start":{},"end":{}}],"line":22},"1":{"loc":{"start":{"line":25,"column":2},"end":{"line":25,"column":66}},"type":"if","locations":[{"start":{"line":25,"column":2},"end":{"line":25,"column":66}},{"start":{},"end":{}}],"line":25},"2":{"loc":{"start":{"line":28,"column":2},"end":{"line":28,"column":60}},"type":"if","locations":[{"start":{"line":28,"column":2},"end":{"line":28,"column":60}},{"start":{},"end":{}}],"line":28},"3":{"loc":{"start":{"line":29,"column":2},"end":{"line":29,"column":84}},"type":"if","locations":[{"start":{"line":29,"column":2},"end":{"line":29,"column":84}},{"start":{},"end":{}}],"line":29},"4":{"loc":{"start":{"line":71,"column":2},"end":{"line":71,"column":90}},"type":"if","locations":[{"start":{"line":71,"column":2},"end":{"line":71,"column":90}},{"start":{},"end":{}}],"line":71}},"s":{"0":2,"1":2,"2":2,"3":2,"4":2,"5":2,"6":2,"7":2,"8":2,"9":2,"10":2,"11":2,"12":0,"13":0,"14":2,"15":0,"16":0,"17":0,"18":0,"19":0,"20":0,"21":0,"22":0,"23":0,"24":0,"25":0,"26":0,"27":0,"28":0,"29":0,"30":0,"31":0,"32":0,"33":0,"34":0,"35":0,"36":0,"37":0,"38":2,"39":0,"40":0,"41":0,"42":0,"43":2},"f":{"0":0,"1":0,"2":0,"3":0,"4":0,"5":0},"b":{"0":[0,0],"1":[0,0],"2":[0,0],"3":[0,0],"4":[0,0]},"_coverageSchema":"1a1c01bbd47fc00a2c39e90264f33305004495a9","hash":"6d3482ce9058f184d307d70a72f05bf3270484e0"}
,"/Users/dayevan/Desktop/BerkeleyCS/learning-JavaScript/node-back/vidly/routes/users.js": {"path":"/Users/dayevan/Desktop/BerkeleyCS/learning-JavaScript/node-back/vidly/routes/users.js","statementMap":{"0":{"start":{"line":1,"column":25},"end":{"line":1,"column":50}},"1":{"start":{"line":2,"column":13},"end":{"line":2,"column":42}},"2":{"start":{"line":3,"column":10},"end":{"line":3,"column":27}},"3":{"start":{"line":4,"column":17},"end":{"line":4,"column":36}},"4":{"start":{"line":5,"column":12},"end":{"line":5,"column":35}},"5":{"start":{"line":6,"column":15},"end":{"line":6,"column":32}},"6":{"start":{"line":7,"column":16},"end":{"line":7,"column":34}},"7":{"start":{"line":8,"column":15},"end":{"line":8,"column":31}},"8":{"start":{"line":9,"column":25},"end":{"line":9,"column":57}},"9":{"start":{"line":10,"column":21},"end":{"line":10,"column":49}},"10":{"start":{"line":11,"column":15},"end":{"line":11,"column":32}},"11":{"start":{"line":14,"column":0},"end":{"line":27,"column":5}},"12":{"start":{"line":15,"column":22},"end":{"line":15,"column":40}},"13":{"start":{"line":16,"column":4},"end":{"line":16,"column":69}},"14":{"start":{"line":16,"column":15},"end":{"line":16,"column":69}},"15":{"start":{"line":17,"column":15},"end":{"line":17,"column":61}},"16":{"start":{"line":18,"column":4},"end":{"line":18,"column":70}},"17":{"start":{"line":18,"column":14},"end":{"line":18,"column":70}},"18":{"start":{"line":20,"column":4},"end":{"line":20,"column":69}},"19":{"start":{"line":21,"column":17},"end":{"line":21,"column":41}},"20":{"start":{"line":22,"column":4},"end":{"line":22,"column":63}},"21":{"start":{"line":23,"column":4},"end":{"line":23,"column":22}},"22":{"start":{"line":25,"column":18},"end":{"line":25,"column":38}},"23":{"start":{"line":26,"column":4},"end":{"line":26,"column":76}},"24":{"start":{"line":29,"column":0},"end":{"line":32,"column":3}},"25":{"start":{"line":30,"column":16},"end":{"line":30,"column":69}},"26":{"start":{"line":31,"column":3},"end":{"line":31,"column":18}},"27":{"start":{"line":34,"column":0},"end":{"line":34,"column":24}}},"fnMap":{"0":{"name":"(anonymous_0)","decl":{"start":{"line":14,"column":17},"end":{"line":14,"column":18}},"loc":{"start":{"line":14,"column":37},"end":{"line":27,"column":3}},"line":14},"1":{"name":"(anonymous_1)","decl":{"start":{"line":29,"column":24},"end":{"line":29,"column":25}},"loc":{"start":{"line":29,"column":44},"end":{"line":32,"column":1}},"line":29}},"branchMap":{"0":{"loc":{"start":{"line":16,"column":4},"end":{"line":16,"column":69}},"type":"if","locations":[{"start":{"line":16,"column":4},"end":{"line":16,"column":69}},{"start":{},"end":{}}],"line":16},"1":{"loc":{"start":{"line":18,"column":4},"end":{"line":18,"column":70}},"type":"if","locations":[{"start":{"line":18,"column":4},"end":{"line":18,"column":70}},{"start":{},"end":{}}],"line":18}},"s":{"0":2,"1":2,"2":2,"3":2,"4":2,"5":2,"6":2,"7":2,"8":2,"9":2,"10":2,"11":2,"12":0,"13":0,"14":0,"15":0,"16":0,"17":0,"18":0,"19":0,"20":0,"21":0,"22":0,"23":0,"24":2,"25":0,"26":0,"27":2},"f":{"0":0,"1":0},"b":{"0":[0,0],"1":[0,0]},"_coverageSchema":"1a1c01bbd47fc00a2c39e90264f33305004495a9","hash":"6d3acd35b66b8d0c9b52568204c5c53d350f7ca5"}
,"/Users/dayevan/Desktop/BerkeleyCS/learning-JavaScript/node-back/vidly/startup/config.js": {"path":"/Users/dayevan/Desktop/BerkeleyCS/learning-JavaScript/node-back/vidly/startup/config.js","statementMap":{"0":{"start":{"line":1,"column":15},"end":{"line":1,"column":32}},"1":{"start":{"line":2,"column":25},"end":{"line":2,"column":57}},"2":{"start":{"line":3,"column":21},"end":{"line":3,"column":49}},"3":{"start":{"line":4,"column":22},"end":{"line":4,"column":51}},"4":{"start":{"line":6,"column":0},"end":{"line":19,"column":1}},"5":{"start":{"line":8,"column":4},"end":{"line":11,"column":5}},"6":{"start":{"line":9,"column":8},"end":{"line":9,"column":77}},"7":{"start":{"line":10,"column":8},"end":{"line":10,"column":70}},"8":{"start":{"line":12,"column":4},"end":{"line":12,"column":68}},"9":{"start":{"line":14,"column":4},"end":{"line":17,"column":5}},"10":{"start":{"line":15,"column":8},"end":{"line":15,"column":86}},"11":{"start":{"line":16,"column":8},"end":{"line":16,"column":77}},"12":{"start":{"line":18,"column":4},"end":{"line":18,"column":79}}},"fnMap":{"0":{"name":"(anonymous_0)","decl":{"start":{"line":6,"column":17},"end":{"line":6,"column":18}},"loc":{"start":{"line":6,"column":28},"end":{"line":19,"column":1}},"line":6}},"branchMap":{"0":{"loc":{"start":{"line":8,"column":4},"end":{"line":11,"column":5}},"type":"if","locations":[{"start":{"line":8,"column":4},"end":{"line":11,"column":5}},{"start":{},"end":{}}],"line":8},"1":{"loc":{"start":{"line":14,"column":4},"end":{"line":17,"column":5}},"type":"if","locations":[{"start":{"line":14,"column":4},"end":{"line":17,"column":5}},{"start":{},"end":{}}],"line":14},"2":{"loc":{"start":{"line":14,"column":8},"end":{"line":14,"column":58}},"type":"binary-expr","locations":[{"start":{"line":14,"column":8},"end":{"line":14,"column":29}},{"start":{"line":14,"column":33},"end":{"line":14,"column":58}}],"line":14}},"s":{"0":2,"1":2,"2":2,"3":2,"4":2,"5":2,"6":0,"7":0,"8":2,"9":2,"10":0,"11":0,"12":2},"f":{"0":2},"b":{"0":[0,2],"1":[0,2],"2":[2,2]},"_coverageSchema":"1a1c01bbd47fc00a2c39e90264f33305004495a9","hash":"151bf4243c19ce444799570fa4558187e15c1e7c"}
,"/Users/dayevan/Desktop/BerkeleyCS/learning-JavaScript/node-back/vidly/startup/db.js": {"path":"/Users/dayevan/Desktop/BerkeleyCS/learning-JavaScript/node-back/vidly/startup/db.js","statementMap":{"0":{"start":{"line":1,"column":16},"end":{"line":1,"column":34}},"1":{"start":{"line":2,"column":17},"end":{"line":2,"column":36}},"2":{"start":{"line":3,"column":15},"end":{"line":3,"column":32}},"3":{"start":{"line":4,"column":25},"end":{"line":4,"column":57}},"4":{"start":{"line":5,"column":21},"end":{"line":5,"column":49}},"5":{"start":{"line":6,"column":22},"end":{"line":6,"column":51}},"6":{"start":{"line":8,"column":0},"end":{"line":24,"column":1}},"7":{"start":{"line":9,"column":4},"end":{"line":23,"column":7}},"8":{"start":{"line":15,"column":8},"end":{"line":15,"column":85}},"9":{"start":{"line":16,"column":8},"end":{"line":16,"column":48}},"10":{"start":{"line":20,"column":8},"end":{"line":20,"column":60}},"11":{"start":{"line":21,"column":8},"end":{"line":21,"column":19}}},"fnMap":{"0":{"name":"(anonymous_0)","decl":{"start":{"line":8,"column":17},"end":{"line":8,"column":18}},"loc":{"start":{"line":8,"column":28},"end":{"line":24,"column":1}},"line":8},"1":{"name":"(anonymous_1)","decl":{"start":{"line":13,"column":10},"end":{"line":13,"column":11}},"loc":{"start":{"line":13,"column":16},"end":{"line":18,"column":5}},"line":13},"2":{"name":"(anonymous_2)","decl":{"start":{"line":19,"column":11},"end":{"line":19,"column":12}},"loc":{"start":{"line":19,"column":18},"end":{"line":23,"column":5}},"line":19}},"branchMap":{},"s":{"0":2,"1":2,"2":2,"3":2,"4":2,"5":2,"6":2,"7":2,"8":2,"9":2,"10":0,"11":0},"f":{"0":2,"1":2,"2":0},"b":{},"_coverageSchema":"1a1c01bbd47fc00a2c39e90264f33305004495a9","hash":"a2d0fcfdad71a38fcb58782f0048cbf8b361cf88"}
,"/Users/dayevan/Desktop/BerkeleyCS/learning-JavaScript/node-back/vidly/startup/logging.js": {"path":"/Users/dayevan/Desktop/BerkeleyCS/learning-JavaScript/node-back/vidly/startup/logging.js","statementMap":{"0":{"start":{"line":1,"column":16},"end":{"line":1,"column":34}},"1":{"start":{"line":2,"column":0},"end":{"line":2,"column":27}},"2":{"start":{"line":3,"column":0},"end":{"line":3,"column":32}},"3":{"start":{"line":4,"column":15},"end":{"line":4,"column":32}},"4":{"start":{"line":7,"column":0},"end":{"line":21,"column":1}},"5":{"start":{"line":9,"column":4},"end":{"line":12,"column":14}},"6":{"start":{"line":14,"column":4},"end":{"line":14,"column":72}},"7":{"start":{"line":15,"column":4},"end":{"line":20,"column":10}}},"fnMap":{"0":{"name":"(anonymous_0)","decl":{"start":{"line":7,"column":17},"end":{"line":7,"column":18}},"loc":{"start":{"line":7,"column":28},"end":{"line":21,"column":1}},"line":7}},"branchMap":{},"s":{"0":2,"1":2,"2":2,"3":2,"4":2,"5":2,"6":2,"7":2},"f":{"0":2},"b":{},"_coverageSchema":"1a1c01bbd47fc00a2c39e90264f33305004495a9","hash":"19aefe53fe3ddedc012b297a3fb49f3cc86cf2c6"}
,"/Users/dayevan/Desktop/BerkeleyCS/learning-JavaScript/node-back/vidly/startup/routes.js": {"path":"/Users/dayevan/Desktop/BerkeleyCS/learning-JavaScript/node-back/vidly/startup/routes.js","statementMap":{"0":{"start":{"line":1,"column":16},"end":{"line":1,"column":34}},"1":{"start":{"line":2,"column":15},"end":{"line":2,"column":42}},"2":{"start":{"line":3,"column":18},"end":{"line":3,"column":48}},"3":{"start":{"line":4,"column":15},"end":{"line":4,"column":42}},"4":{"start":{"line":5,"column":16},"end":{"line":5,"column":44}},"5":{"start":{"line":6,"column":14},"end":{"line":6,"column":40}},"6":{"start":{"line":7,"column":13},"end":{"line":7,"column":38}},"7":{"start":{"line":8,"column":15},"end":{"line":8,"column":32}},"8":{"start":{"line":9,"column":21},"end":{"line":9,"column":58}},"9":{"start":{"line":11,"column":0},"end":{"line":21,"column":1}},"10":{"start":{"line":12,"column":4},"end":{"line":12,"column":28}},"11":{"start":{"line":13,"column":4},"end":{"line":13,"column":28}},"12":{"start":{"line":14,"column":4},"end":{"line":14,"column":35}},"13":{"start":{"line":15,"column":4},"end":{"line":15,"column":41}},"14":{"start":{"line":16,"column":4},"end":{"line":16,"column":35}},"15":{"start":{"line":17,"column":4},"end":{"line":17,"column":37}},"16":{"start":{"line":18,"column":4},"end":{"line":18,"column":33}},"17":{"start":{"line":19,"column":4},"end":{"line":19,"column":31}},"18":{"start":{"line":20,"column":4},"end":{"line":20,"column":26}}},"fnMap":{"0":{"name":"(anonymous_0)","decl":{"start":{"line":11,"column":17},"end":{"line":11,"column":18}},"loc":{"start":{"line":11,"column":31},"end":{"line":21,"column":1}},"line":11}},"branchMap":{},"s":{"0":2,"1":2,"2":2,"3":2,"4":2,"5":2,"6":2,"7":2,"8":2,"9":2,"10":2,"11":2,"12":2,"13":2,"14":2,"15":2,"16":2,"17":2,"18":2},"f":{"0":2},"b":{},"_coverageSchema":"1a1c01bbd47fc00a2c39e90264f33305004495a9","hash":"1777f4e1a4b2a7db001ffdf4d0e591c581e19fa2"}
,"/Users/dayevan/Desktop/BerkeleyCS/learning-JavaScript/node-back/vidly/startup/validation.js": {"path":"/Users/dayevan/Desktop/BerkeleyCS/learning-JavaScript/node-back/vidly/startup/validation.js","statementMap":{"0":{"start":{"line":1,"column":12},"end":{"line":1,"column":26}},"1":{"start":{"line":2,"column":0},"end":{"line":4,"column":1}},"2":{"start":{"line":3,"column":4},"end":{"line":3,"column":48}}},"fnMap":{"0":{"name":"(anonymous_0)","decl":{"start":{"line":2,"column":17},"end":{"line":2,"column":18}},"loc":{"start":{"line":2,"column":28},"end":{"line":4,"column":1}},"line":2}},"branchMap":{},"s":{"0":2,"1":2,"2":2},"f":{"0":2},"b":{},"_coverageSchema":"1a1c01bbd47fc00a2c39e90264f33305004495a9","hash":"052319e9f3c9d22d1d704735bcf22100f0a80ba8"}
}
